[WARNING] 2026-01-29 18:43:47,595 log 13172 17580 Unauthorized: /cvs/
[WARNING] 2026-01-29 18:43:47,595 log 13172 7936 Unauthorized: /entreprises/
[WARNING] 2026-01-29 18:43:47,596 basehttp 13172 17580 "GET /cvs/ HTTP/1.1" 401 172
[WARNING] 2026-01-29 18:43:47,596 basehttp 13172 7936 "GET /entreprises/ HTTP/1.1" 401 172
[WARNING] 2026-01-29 18:44:21,410 log 7820 21664 Not Found: /
[WARNING] 2026-01-29 18:44:21,412 basehttp 7820 21664 "GET / HTTP/1.1" 404 5160
[WARNING] 2026-01-29 18:47:57,657 log 1852 7552 Too Many Requests: /envois/
[WARNING] 2026-01-29 18:47:57,658 basehttp 1852 7552 "POST /envois/ HTTP/1.1" 429 31
[WARNING] 2026-01-29 18:48:21,159 log 1852 7552 Too Many Requests: /envois/
[WARNING] 2026-01-29 18:48:21,160 basehttp 1852 7552 "POST /envois/ HTTP/1.1" 429 31
[WARNING] 2026-01-29 18:48:21,368 log 1852 7552 Too Many Requests: /envois/
[WARNING] 2026-01-29 18:48:21,368 basehttp 1852 7552 "POST /envois/ HTTP/1.1" 429 31
[WARNING] 2026-01-29 18:48:21,550 log 1852 7552 Too Many Requests: /envois/
[WARNING] 2026-01-29 18:48:21,551 basehttp 1852 7552 "POST /envois/ HTTP/1.1" 429 31
[WARNING] 2026-01-29 18:48:21,911 log 1852 7552 Too Many Requests: /envois/
[WARNING] 2026-01-29 18:48:21,912 basehttp 1852 7552 "POST /envois/ HTTP/1.1" 429 31
[WARNING] 2026-01-29 18:48:22,097 log 1852 7552 Too Many Requests: /envois/
[WARNING] 2026-01-29 18:48:22,098 basehttp 1852 7552 "POST /envois/ HTTP/1.1" 429 31
[WARNING] 2026-01-29 18:50:49,414 log 1852 9060 Too Many Requests: /envois/
[WARNING] 2026-01-29 18:50:49,414 basehttp 1852 9060 "POST /envois/ HTTP/1.1" 429 31
[WARNING] 2026-01-29 18:50:57,931 log 1852 7552 Too Many Requests: /envois/
[WARNING] 2026-01-29 18:50:57,932 basehttp 1852 7552 "POST /envois/ HTTP/1.1" 429 31
